=Log Generated By [A I O - A L  v1.0.2]=
[12/10/2019] - [17:55:21]

===Summary===
Name: Cobalt
FQDN: Cobalt
System Platform: win32
Machine: AMD64
Node: Cobalt
Platform: Windows-10-10.0.18362-SP0\Processor: Intel64 Family 6 Model 142 Stepping 10, GenuineIntel
System OS: Windows
Release: 10
Version: 10.0.18362
Number of CPUs: 8
Number of Physical CPUs: 4

===OS Generated Info===
Host Name:                 COBALT
OS Name:                   Microsoft Windows 10 Pro
OS Version:                10.0.18362 N/A Build 18362
OS Manufacturer:           Microsoft Corporation
OS Configuration:          Standalone Workstation
OS Build Type:             Multiprocessor Free
Registered Owner:          email@email.com
Registered Organization:   N/A
Product ID:                00330-80000-00000-AA390
Original Install Date:     13/09/2019, 22:38:04
System Boot Time:          11/10/2019, 16:15:07
System Manufacturer:       Microsoft Corporation
System Model:              Surface Laptop 2
System Type:               x64-based PC
Processor(s):              1 Processor(s) Installed.
                           [01]: Intel64 Family 6 Model 142 Stepping 10 GenuineIntel ~1600 Mhz
BIOS Version:              Microsoft Corporation 137.2706.768, 18/04/2019
Windows Directory:         C:\WINDOWS
System Directory:          C:\WINDOWS\system32
Boot Device:               \Device\HarddiskVolume1
System Locale:             en-gb;English (United Kingdom)
Input Locale:              en-gb;English (United Kingdom)
Time Zone:                 (UTC+00:00) Dublin, Edinburgh, Lisbon, London
Total Physical Memory:     8,117 MB
Available Physical Memory: 1,840 MB
Virtual Memory: Max Size:  15,254 MB
Virtual Memory: Available: 3,124 MB
Virtual Memory: In Use:    12,130 MB
Page File Location(s):     C:\pagefile.sys
Domain:                    WORKGROUP
Logon Server:              \\COBALT
Hotfix(s):                 6 Hotfix(s) Installed.
                           [01]: KB4515871
                           [02]: KB4515383
                           [03]: KB4516115
                           [04]: KB4520390
                           [05]: KB4521863
                           [06]: KB4517389
Network Card(s):           6 NIC(s) Installed.
                           [01]: TAP-Windows Adapter V9
                                 Connection Name: Ethernet 4
                                 Status:          Media disconnected
                           [02]: Marvell AVASTAR Wireless-AC Network Controller
                                 Connection Name: WiFi
                                 DHCP Enabled:    Yes
                                 DHCP Server:     192.168.0.1
                                 IP address(es)
                                 [01]: 192.168.0.32
                                 [02]: fe80::c9ea:cdf:bc95:f3cd
                           [03]: Bluetooth Device (Personal Area Network)
                                 Connection Name: Bluetooth Network Connection
                                 Status:          Media disconnected
                           [04]: TeamViewer VPN Adapter
                                 Connection Name: Ethernet 5
                                 Status:          Media disconnected
                           [05]: VMware Virtual Ethernet Adapter for VMnet1
                                 Connection Name: VMware Network Adapter VMnet1
                                 DHCP Enabled:    No
                                 IP address(es)
                                 [01]: 192.168.227.1
                                 [02]: fe80::5503:3cc5:39e9:9909
                           [06]: VMware Virtual Ethernet Adapter for VMnet8
                                 Connection Name: VMware Network Adapter VMnet8
                                 DHCP Enabled:    No
                                 IP address(es)
                                 [01]: 192.168.193.1
                                 [02]: fe80::ad84:ffa0:b1b1:daec
Hyper-V Requirements:      VM Monitor Mode Extensions: Yes
                           Virtualization Enabled In Firmware: Yes
                           Second Level Address Translation: Yes
                           Data Execution Prevention Available: Yes


===================
Log completed in 3.03 seconds